Watching for file changes with StatReloader
D:\Projects\BidBazaar\commerce\auctions\views.py changed, reloading.
Watching for file changes with StatReloader
D:\Projects\BidBazaar\commerce\auctions\views.py changed, reloading.
Watching for file changes with StatReloader
D:\Projects\BidBazaar\commerce\auctions\views.py changed, reloading.
Watching for file changes with StatReloader
D:\Projects\BidBazaar\commerce\auctions\views.py changed, reloading.
Watching for file changes with StatReloader
D:\Projects\BidBazaar\commerce\auctions\views.py changed, reloading.
Watching for file changes with StatReloader
D:\Projects\BidBazaar\commerce\auctions\views.py changed, reloading.
Watching for file changes with StatReloader
D:\Projects\BidBazaar\commerce\auctions\views.py changed, reloading.
Watching for file changes with StatReloader
D:\Projects\BidBazaar\commerce\auctions\views.py changed, reloading.
Watching for file changes with StatReloader
D:\Projects\BidBazaar\commerce\auctions\views.py changed, reloading.
Watching for file changes with StatReloader
Watching for file changes with StatReloader
Invalid OTP entered.
D:\Projects\BidBazaar\commerce\auctions\views.py changed, reloading.
Watching for file changes with StatReloader
D:\Projects\BidBazaar\commerce\auctions\views.py changed, reloading.
Watching for file changes with StatReloader
D:\Projects\BidBazaar\commerce\auctions\views.py changed, reloading.
Watching for file changes with StatReloader
D:\Projects\BidBazaar\commerce\auctions\views.py changed, reloading.
Watching for file changes with StatReloader
D:\Projects\BidBazaar\commerce\auctions\views.py changed, reloading.
Watching for file changes with StatReloader
D:\Projects\BidBazaar\commerce\auctions\views.py changed, reloading.
Watching for file changes with StatReloader
D:\Projects\BidBazaar\commerce\auctions\views.py changed, reloading.
Watching for file changes with StatReloader
D:\Projects\BidBazaar\commerce\auctions\views.py changed, reloading.
Watching for file changes with StatReloader
D:\Projects\BidBazaar\commerce\auctions\views.py changed, reloading.
Watching for file changes with StatReloader
D:\Projects\BidBazaar\commerce\auctions\views.py changed, reloading.
Watching for file changes with StatReloader
D:\Projects\BidBazaar\commerce\auctions\views.py changed, reloading.
Watching for file changes with StatReloader
D:\Projects\BidBazaar\commerce\auctions\views.py changed, reloading.
Watching for file changes with StatReloader
D:\Projects\BidBazaar\commerce\auctions\views.py changed, reloading.
Watching for file changes with StatReloader
D:\Projects\BidBazaar\commerce\auctions\views.py changed, reloading.
Watching for file changes with StatReloader
D:\Projects\BidBazaar\commerce\auctions\views.py changed, reloading.
Watching for file changes with StatReloader
D:\Projects\BidBazaar\commerce\auctions\views.py changed, reloading.
Watching for file changes with StatReloader
D:\Projects\BidBazaar\commerce\auctions\views.py changed, reloading.
Watching for file changes with StatReloader
D:\Projects\BidBazaar\commerce\auctions\views.py changed, reloading.
Watching for file changes with StatReloader
D:\Projects\BidBazaar\commerce\auctions\views.py changed, reloading.
Watching for file changes with StatReloader
D:\Projects\BidBazaar\commerce\auctions\views.py changed, reloading.
Watching for file changes with StatReloader
D:\Projects\BidBazaar\commerce\auctions\views.py changed, reloading.
Watching for file changes with StatReloader
D:\Projects\BidBazaar\commerce\auctions\views.py changed, reloading.
Watching for file changes with StatReloader
D:\Projects\BidBazaar\commerce\auctions\views.py changed, reloading.
Watching for file changes with StatReloader
D:\Projects\BidBazaar\commerce\auctions\views.py changed, reloading.
Watching for file changes with StatReloader
D:\Projects\BidBazaar\commerce\auctions\views.py changed, reloading.
Watching for file changes with StatReloader
D:\Projects\BidBazaar\commerce\auctions\views.py changed, reloading.
Watching for file changes with StatReloader
D:\Projects\BidBazaar\commerce\auctions\views.py changed, reloading.
Watching for file changes with StatReloader
D:\Projects\BidBazaar\commerce\auctions\views.py changed, reloading.
Watching for file changes with StatReloader
D:\Projects\BidBazaar\commerce\auctions\views.py changed, reloading.
Watching for file changes with StatReloader
D:\Projects\BidBazaar\commerce\auctions\views.py changed, reloading.
Watching for file changes with StatReloader
D:\Projects\BidBazaar\commerce\auctions\views.py changed, reloading.
Watching for file changes with StatReloader
D:\Projects\BidBazaar\commerce\auctions\views.py changed, reloading.
Watching for file changes with StatReloader
D:\Projects\BidBazaar\commerce\auctions\views.py changed, reloading.
Watching for file changes with StatReloader
D:\Projects\BidBazaar\commerce\auctions\views.py changed, reloading.
Watching for file changes with StatReloader
D:\Projects\BidBazaar\commerce\auctions\views.py changed, reloading.
Watching for file changes with StatReloader
D:\Projects\BidBazaar\commerce\auctions\views.py changed, reloading.
Watching for file changes with StatReloader
D:\Projects\BidBazaar\commerce\auctions\views.py changed, reloading.
Watching for file changes with StatReloader
D:\Projects\BidBazaar\commerce\auctions\views.py changed, reloading.
Watching for file changes with StatReloader
D:\Projects\BidBazaar\commerce\auctions\views.py changed, reloading.
Watching for file changes with StatReloader
D:\Projects\BidBazaar\commerce\auctions\views.py changed, reloading.
Watching for file changes with StatReloader
D:\Projects\BidBazaar\commerce\auctions\views.py changed, reloading.
Watching for file changes with StatReloader
D:\Projects\BidBazaar\commerce\auctions\views.py changed, reloading.
Watching for file changes with StatReloader
D:\Projects\BidBazaar\commerce\auctions\views.py changed, reloading.
Watching for file changes with StatReloader
D:\Projects\BidBazaar\commerce\auctions\views.py changed, reloading.
Watching for file changes with StatReloader
D:\Projects\BidBazaar\commerce\auctions\views.py changed, reloading.
Watching for file changes with StatReloader
D:\Projects\BidBazaar\commerce\auctions\views.py changed, reloading.
Watching for file changes with StatReloader
D:\Projects\BidBazaar\commerce\auctions\views.py changed, reloading.
Watching for file changes with StatReloader
D:\Projects\BidBazaar\commerce\auctions\views.py changed, reloading.
Watching for file changes with StatReloader
D:\Projects\BidBazaar\commerce\auctions\views.py changed, reloading.
Watching for file changes with StatReloader
D:\Projects\BidBazaar\commerce\auctions\views.py changed, reloading.
Watching for file changes with StatReloader
D:\Projects\BidBazaar\commerce\auctions\views.py changed, reloading.
Watching for file changes with StatReloader
D:\Projects\BidBazaar\commerce\auctions\views.py changed, reloading.
Watching for file changes with StatReloader
D:\Projects\BidBazaar\commerce\auctions\views.py changed, reloading.
Watching for file changes with StatReloader
D:\Projects\BidBazaar\commerce\auctions\views.py changed, reloading.
Watching for file changes with StatReloader
D:\Projects\BidBazaar\commerce\auctions\views.py changed, reloading.
Watching for file changes with StatReloader
D:\Projects\BidBazaar\commerce\auctions\views.py changed, reloading.
Watching for file changes with StatReloader
D:\Projects\BidBazaar\commerce\auctions\views.py changed, reloading.
Watching for file changes with StatReloader
D:\Projects\BidBazaar\commerce\auctions\views.py changed, reloading.
Watching for file changes with StatReloader
Invalid OTP entered.
Watching for file changes with StatReloader
Internal Server Error: /forgot-password-otp/
Traceback (most recent call last):
  File "C:\Users\Aniket\AppData\Local\Programs\Python\Python312\Lib\site-packages\django\core\handlers\exception.py", line 55, in inner
    response = get_response(request)
               ^^^^^^^^^^^^^^^^^^^^^
  File "C:\Users\Aniket\AppData\Local\Programs\Python\Python312\Lib\site-packages\django\core\handlers\base.py", line 197, in _get_response
    response = wrapped_callback(request, *callback_args, **callback_kwargs)
               ^^^^^^^^^^^^^^^^^^^^^^^^^^^^^^^^^^^^^^^^^^^^^^^^^^^^^^^^^^^^
  File "D:\Projects\BidBazaar\commerce\auctions\views.py", line 152, in password_otp
    if int(user_otp) == request.session.get('otp', 0):
       ^^^^^^^^^^^^^
TypeError: int() argument must be a string, a bytes-like object or a real number, not 'NoneType'
D:\Projects\BidBazaar\commerce\auctions\views.py changed, reloading.
Watching for file changes with StatReloader
D:\Projects\BidBazaar\commerce\auctions\views.py changed, reloading.
Watching for file changes with StatReloader
D:\Projects\BidBazaar\commerce\auctions\views.py changed, reloading.
Watching for file changes with StatReloader
D:\Projects\BidBazaar\commerce\auctions\views.py changed, reloading.
Watching for file changes with StatReloader
D:\Projects\BidBazaar\commerce\auctions\views.py changed, reloading.
Watching for file changes with StatReloader
D:\Projects\BidBazaar\commerce\auctions\views.py changed, reloading.
Watching for file changes with StatReloader
Internal Server Error: /forgot-password-otp/
Traceback (most recent call last):
  File "C:\Users\Aniket\AppData\Local\Programs\Python\Python312\Lib\site-packages\django\core\handlers\exception.py", line 55, in inner
    response = get_response(request)
               ^^^^^^^^^^^^^^^^^^^^^
  File "C:\Users\Aniket\AppData\Local\Programs\Python\Python312\Lib\site-packages\django\core\handlers\base.py", line 197, in _get_response
    response = wrapped_callback(request, *callback_args, **callback_kwargs)
               ^^^^^^^^^^^^^^^^^^^^^^^^^^^^^^^^^^^^^^^^^^^^^^^^^^^^^^^^^^^^
  File "D:\Projects\BidBazaar\commerce\auctions\views.py", line 153, in password_otp
    if int(user_otp) == request.session.get('otp', 0):
       ^^^^^^^^^^^^^
TypeError: int() argument must be a string, a bytes-like object or a real number, not 'NoneType'
D:\Projects\BidBazaar\commerce\auctions\views.py changed, reloading.
Watching for file changes with StatReloader
D:\Projects\BidBazaar\commerce\auctions\views.py changed, reloading.
Watching for file changes with StatReloader
D:\Projects\BidBazaar\commerce\auctions\views.py changed, reloading.
Watching for file changes with StatReloader
D:\Projects\BidBazaar\commerce\auctions\views.py changed, reloading.
Watching for file changes with StatReloader
D:\Projects\BidBazaar\commerce\auctions\views.py changed, reloading.
Watching for file changes with StatReloader
D:\Projects\BidBazaar\commerce\auctions\views.py changed, reloading.
Watching for file changes with StatReloader
D:\Projects\BidBazaar\commerce\commerce\settings.py changed, reloading.
Watching for file changes with StatReloader
D:\Projects\BidBazaar\commerce\auctions\views.py changed, reloading.
Watching for file changes with StatReloader
D:\Projects\BidBazaar\commerce\auctions\views.py changed, reloading.
Watching for file changes with StatReloader
D:\Projects\BidBazaar\commerce\auctions\views.py changed, reloading.
Watching for file changes with StatReloader
D:\Projects\BidBazaar\commerce\auctions\views.py changed, reloading.
Watching for file changes with StatReloader
D:\Projects\BidBazaar\commerce\auctions\views.py changed, reloading.
Watching for file changes with StatReloader
D:\Projects\BidBazaar\commerce\auctions\views.py changed, reloading.
Watching for file changes with StatReloader
D:\Projects\BidBazaar\commerce\auctions\views.py changed, reloading.
Watching for file changes with StatReloader
D:\Projects\BidBazaar\commerce\auctions\views.py changed, reloading.
Watching for file changes with StatReloader
D:\Projects\BidBazaar\commerce\auctions\views.py changed, reloading.
Watching for file changes with StatReloader
D:\Projects\BidBazaar\commerce\auctions\urls.py changed, reloading.
Watching for file changes with StatReloader
D:\Projects\BidBazaar\commerce\auctions\views.py changed, reloading.
Watching for file changes with StatReloader
Internal Server Error: /forgot-password/
Traceback (most recent call last):
  File "C:\Users\Aniket\AppData\Local\Programs\Python\Python312\Lib\site-packages\django\core\handlers\exception.py", line 55, in inner
    response = get_response(request)
               ^^^^^^^^^^^^^^^^^^^^^
  File "C:\Users\Aniket\AppData\Local\Programs\Python\Python312\Lib\site-packages\django\core\handlers\base.py", line 197, in _get_response
    response = wrapped_callback(request, *callback_args, **callback_kwargs)
               ^^^^^^^^^^^^^^^^^^^^^^^^^^^^^^^^^^^^^^^^^^^^^^^^^^^^^^^^^^^^
  File "D:\Projects\BidBazaar\commerce\auctions\views.py", line 122, in forgot_password
    user = User.objects.get(username=username, email=email)
           ^^^^^^^^^^^^^^^^^^^^^^^^^^^^^^^^^^^^^^^^^^^^^^^^
  File "C:\Users\Aniket\AppData\Local\Programs\Python\Python312\Lib\site-packages\django\db\models\manager.py", line 87, in manager_method
    return getattr(self.get_queryset(), name)(*args, **kwargs)
           ^^^^^^^^^^^^^^^^^^^^^^^^^^^^^^^^^^^^^^^^^^^^^^^^^^^
  File "C:\Users\Aniket\AppData\Local\Programs\Python\Python312\Lib\site-packages\django\db\models\query.py", line 649, in get
    raise self.model.DoesNotExist(
auctions.models.User.DoesNotExist: User matching query does not exist.
D:\Projects\BidBazaar\commerce\auctions\views.py changed, reloading.
Watching for file changes with StatReloader
D:\Projects\BidBazaar\commerce\auctions\views.py changed, reloading.
Watching for file changes with StatReloader
Internal Server Error: /forgot-password-otp/
Traceback (most recent call last):
  File "C:\Users\Aniket\AppData\Local\Programs\Python\Python312\Lib\site-packages\django\core\handlers\exception.py", line 55, in inner
    response = get_response(request)
               ^^^^^^^^^^^^^^^^^^^^^
  File "C:\Users\Aniket\AppData\Local\Programs\Python\Python312\Lib\site-packages\django\core\handlers\base.py", line 197, in _get_response
    response = wrapped_callback(request, *callback_args, **callback_kwargs)
               ^^^^^^^^^^^^^^^^^^^^^^^^^^^^^^^^^^^^^^^^^^^^^^^^^^^^^^^^^^^^
  File "D:\Projects\BidBazaar\commerce\auctions\views.py", line 191, in password_otp
    return redirect('otp_success', message="Password sent to mail successfully")  # Redirect to the success page
           ^^^^^^^^^^^^^^^^^^^^^^^^^^^^^^^^^^^^^^^^^^^^^^^^^^^^^^^^^^^^^^^^^^^^^
  File "C:\Users\Aniket\AppData\Local\Programs\Python\Python312\Lib\site-packages\django\shortcuts.py", line 49, in redirect
    return redirect_class(resolve_url(to, *args, **kwargs))
                          ^^^^^^^^^^^^^^^^^^^^^^^^^^^^^^^^
  File "C:\Users\Aniket\AppData\Local\Programs\Python\Python312\Lib\site-packages\django\shortcuts.py", line 180, in resolve_url
    return reverse(to, args=args, kwargs=kwargs)
           ^^^^^^^^^^^^^^^^^^^^^^^^^^^^^^^^^^^^^
  File "C:\Users\Aniket\AppData\Local\Programs\Python\Python312\Lib\site-packages\django\urls\base.py", line 88, in reverse
    return resolver._reverse_with_prefix(view, prefix, *args, **kwargs)
           ^^^^^^^^^^^^^^^^^^^^^^^^^^^^^^^^^^^^^^^^^^^^^^^^^^^^^^^^^^^^
  File "C:\Users\Aniket\AppData\Local\Programs\Python\Python312\Lib\site-packages\django\urls\resolvers.py", line 851, in _reverse_with_prefix
    raise NoReverseMatch(msg)
django.urls.exceptions.NoReverseMatch: Reverse for 'otp_success' with keyword arguments '{'message': 'Password sent to mail successfully'}' not found. 1 pattern(s) tried: ['otp\\-success/\\Z']
D:\Projects\BidBazaar\commerce\auctions\views.py changed, reloading.
Watching for file changes with StatReloader
Not Found: /bidbazaar-logo.png
Not Found: /bidbazaar-logo.png
Not Found: /bidbazaar-logo.png
Not Found: /bidbazaar-logo.png
Not Found: /bidbazaar-logo.png
Bids for listing 13: <QuerySet []>
No bids found for listing 13
Bids for listing 10: <QuerySet []>
No bids found for listing 10
Bids for listing 9: <QuerySet [<Bid: Bid object (15)>]>
Highest bidder for listing 9: blockbusterandy
D:\Projects\BidBazaar\commerce\commerce\settings.py changed, reloading.
Watching for file changes with StatReloader
D:\Projects\BidBazaar\commerce\commerce\settings.py changed, reloading.
Watching for file changes with StatReloader
D:\Projects\BidBazaar\commerce\commerce\settings.py changed, reloading.
Watching for file changes with StatReloader
D:\Projects\BidBazaar\commerce\commerce\settings.py changed, reloading.
Watching for file changes with StatReloader
D:\Projects\BidBazaar\commerce\commerce\settings.py changed, reloading.
Watching for file changes with StatReloader
D:\Projects\BidBazaar\commerce\commerce\settings.py changed, reloading.
Watching for file changes with StatReloader
D:\Projects\BidBazaar\commerce\commerce\settings.py changed, reloading.
Watching for file changes with StatReloader
D:\Projects\BidBazaar\commerce\commerce\settings.py changed, reloading.
Watching for file changes with StatReloader
D:\Projects\BidBazaar\commerce\commerce\settings.py changed, reloading.
Watching for file changes with StatReloader
D:\Projects\BidBazaar\commerce\commerce\settings.py changed, reloading.
Watching for file changes with StatReloader
D:\Projects\BidBazaar\commerce\commerce\settings.py changed, reloading.
Watching for file changes with StatReloader
D:\Projects\BidBazaar\commerce\commerce\settings.py changed, reloading.
Watching for file changes with StatReloader
D:\Projects\BidBazaar\commerce\commerce\settings.py changed, reloading.
Watching for file changes with StatReloader
D:\Projects\BidBazaar\commerce\commerce\settings.py changed, reloading.
Watching for file changes with StatReloader
D:\Projects\BidBazaar\commerce\commerce\settings.py changed, reloading.
Watching for file changes with StatReloader
Watching for file changes with StatReloader
D:\Projects\BidBazaar\commerce\commerce\settings.py changed, reloading.
Watching for file changes with StatReloader
D:\Projects\BidBazaar\commerce\commerce\settings.py changed, reloading.
Watching for file changes with StatReloader
D:\Projects\BidBazaar\commerce\commerce\settings.py changed, reloading.
Watching for file changes with StatReloader
D:\Projects\BidBazaar\commerce\commerce\settings.py changed, reloading.
Watching for file changes with StatReloader
D:\Projects\BidBazaar\commerce\commerce\settings.py changed, reloading.
Watching for file changes with StatReloader
Internal Server Error: /category/
Traceback (most recent call last):
  File "C:\Users\Aniket\AppData\Local\Programs\Python\Python312\Lib\site-packages\django\template\base.py", line 502, in parse
    compile_func = self.tags[command]
                   ~~~~~~~~~^^^^^^^^^
KeyError: 'endif'

During handling of the above exception, another exception occurred:

Traceback (most recent call last):
  File "C:\Users\Aniket\AppData\Local\Programs\Python\Python312\Lib\site-packages\django\core\handlers\exception.py", line 55, in inner
    response = get_response(request)
               ^^^^^^^^^^^^^^^^^^^^^
  File "C:\Users\Aniket\AppData\Local\Programs\Python\Python312\Lib\site-packages\django\core\handlers\base.py", line 197, in _get_response
    response = wrapped_callback(request, *callback_args, **callback_kwargs)
               ^^^^^^^^^^^^^^^^^^^^^^^^^^^^^^^^^^^^^^^^^^^^^^^^^^^^^^^^^^^^
  File "D:\Projects\BidBazaar\commerce\auctions\views.py", line 338, in categories
    return render(request, "auctions/categories.html", {
           ^^^^^^^^^^^^^^^^^^^^^^^^^^^^^^^^^^^^^^^^^^^^^
  File "C:\Users\Aniket\AppData\Local\Programs\Python\Python312\Lib\site-packages\django\shortcuts.py", line 25, in render
    content = loader.render_to_string(template_name, context, request, using=using)
              ^^^^^^^^^^^^^^^^^^^^^^^^^^^^^^^^^^^^^^^^^^^^^^^^^^^^^^^^^^^^^^^^^^^^^
  File "C:\Users\Aniket\AppData\Local\Programs\Python\Python312\Lib\site-packages\django\template\loader.py", line 61, in render_to_string
    template = get_template(template_name, using=using)
               ^^^^^^^^^^^^^^^^^^^^^^^^^^^^^^^^^^^^^^^^
  File "C:\Users\Aniket\AppData\Local\Programs\Python\Python312\Lib\site-packages\django\template\loader.py", line 15, in get_template
    return engine.get_template(template_name)
           ^^^^^^^^^^^^^^^^^^^^^^^^^^^^^^^^^^
  File "C:\Users\Aniket\AppData\Local\Programs\Python\Python312\Lib\site-packages\django\template\backends\django.py", line 33, in get_template
    return Template(self.engine.get_template(template_name), self)
                    ^^^^^^^^^^^^^^^^^^^^^^^^^^^^^^^^^^^^^^^
  File "C:\Users\Aniket\AppData\Local\Programs\Python\Python312\Lib\site-packages\django\template\engine.py", line 177, in get_template
    template, origin = self.find_template(template_name)
                       ^^^^^^^^^^^^^^^^^^^^^^^^^^^^^^^^^
  File "C:\Users\Aniket\AppData\Local\Programs\Python\Python312\Lib\site-packages\django\template\engine.py", line 159, in find_template
    template = loader.get_template(name, skip=skip)
               ^^^^^^^^^^^^^^^^^^^^^^^^^^^^^^^^^^^^
  File "C:\Users\Aniket\AppData\Local\Programs\Python\Python312\Lib\site-packages\django\template\loaders\cached.py", line 57, in get_template
    template = super().get_template(template_name, skip)
               ^^^^^^^^^^^^^^^^^^^^^^^^^^^^^^^^^^^^^^^^^
  File "C:\Users\Aniket\AppData\Local\Programs\Python\Python312\Lib\site-packages\django\template\loaders\base.py", line 28, in get_template
    return Template(
           ^^^^^^^^^
  File "C:\Users\Aniket\AppData\Local\Programs\Python\Python312\Lib\site-packages\django\template\base.py", line 154, in __init__
    self.nodelist = self.compile_nodelist()
                    ^^^^^^^^^^^^^^^^^^^^^^^
  File "C:\Users\Aniket\AppData\Local\Programs\Python\Python312\Lib\site-packages\django\template\base.py", line 196, in compile_nodelist
    return parser.parse()
           ^^^^^^^^^^^^^^
  File "C:\Users\Aniket\AppData\Local\Programs\Python\Python312\Lib\site-packages\django\template\base.py", line 510, in parse
    raise self.error(token, e)
  File "C:\Users\Aniket\AppData\Local\Programs\Python\Python312\Lib\site-packages\django\template\base.py", line 508, in parse
    compiled_result = compile_func(self, token)
                      ^^^^^^^^^^^^^^^^^^^^^^^^^
  File "C:\Users\Aniket\AppData\Local\Programs\Python\Python312\Lib\site-packages\django\template\loader_tags.py", line 295, in do_extends
    nodelist = parser.parse()
               ^^^^^^^^^^^^^^
  File "C:\Users\Aniket\AppData\Local\Programs\Python\Python312\Lib\site-packages\django\template\base.py", line 510, in parse
    raise self.error(token, e)
  File "C:\Users\Aniket\AppData\Local\Programs\Python\Python312\Lib\site-packages\django\template\base.py", line 508, in parse
    compiled_result = compile_func(self, token)
                      ^^^^^^^^^^^^^^^^^^^^^^^^^
  File "C:\Users\Aniket\AppData\Local\Programs\Python\Python312\Lib\site-packages\django\template\loader_tags.py", line 234, in do_block
    nodelist = parser.parse(("endblock",))
               ^^^^^^^^^^^^^^^^^^^^^^^^^^^
  File "C:\Users\Aniket\AppData\Local\Programs\Python\Python312\Lib\site-packages\django\template\base.py", line 510, in parse
    raise self.error(token, e)
  File "C:\Users\Aniket\AppData\Local\Programs\Python\Python312\Lib\site-packages\django\template\base.py", line 508, in parse
    compiled_result = compile_func(self, token)
                      ^^^^^^^^^^^^^^^^^^^^^^^^^
  File "C:\Users\Aniket\AppData\Local\Programs\Python\Python312\Lib\site-packages\django\template\defaulttags.py", line 861, in do_for
    nodelist_loop = parser.parse(
                    ^^^^^^^^^^^^^
  File "C:\Users\Aniket\AppData\Local\Programs\Python\Python312\Lib\site-packages\django\template\base.py", line 504, in parse
    self.invalid_block_tag(token, command, parse_until)
  File "C:\Users\Aniket\AppData\Local\Programs\Python\Python312\Lib\site-packages\django\template\base.py", line 555, in invalid_block_tag
    raise self.error(
django.template.exceptions.TemplateSyntaxError: Invalid block tag on line 12: 'endif', expected 'empty' or 'endfor'. Did you forget to register or load this tag?
Bids for listing 14: <QuerySet []>
No bids found for listing 14
Bids for listing 11: <QuerySet []>
No bids found for listing 11
Not Found: /favicon.ico
Bids for listing 8: <QuerySet []>
No bids found for listing 8
Bids for listing 14: <QuerySet []>
No bids found for listing 14
Not Found: /favicon.ico
Bids for listing 12: <QuerySet [<Bid: Bid object (13)>, <Bid: Bid object (14)>]>
Highest bidder for listing 12: blockbusterandy
